0 info it worked if it ends with ok
1 verbose cli [ 'D:\\node.exe',
1 verbose cli   'D:\\node_modules\\npm\\bin\\npm-cli.js',
1 verbose cli   'start' ]
2 info using npm@3.10.8
3 info using node@v6.9.1
4 verbose run-script [ 'prestart', 'start', 'poststart' ]
5 info lifecycle lab-project@0.0.0~prestart: lab-project@0.0.0
6 silly lifecycle lab-project@0.0.0~prestart: no script for prestart, continuing
7 info lifecycle lab-project@0.0.0~start: lab-project@0.0.0
8 verbose lifecycle lab-project@0.0.0~start: unsafe-perm in lifecycle true
9 verbose lifecycle lab-project@0.0.0~start: PATH: D:\node_modules\npm\bin\node-gyp-bin;F:\github\lab-project\node_modules\.bin;D:\cmder\bin;D:\cmder\vendor\conemu-maximus5\ConEmu\Scripts;D:\cmder\vendor\conemu-maximus5;D:\cmder\vendor\conemu-maximus5\ConEmu;C:\ProgramData\Oracle\Java\javapath;C:\WINDOWS\system32;C:\WINDOWS;C:\WINDOWS\System32\Wbem;C:\WINDOWS\System32\WindowsPowerShell\v1.0\;D:\cmder;%CATALINA_HOME%\bin;D:\Program Files (x86)\java\jdk\bin;D:\Android\sdk\platform-tools;D:\Android\sdk\tools;D:\;D:\Git\cmd;C:\Users\Administrator\AppData\Local\Programs\Python\Python35\Scripts\;C:\Users\Administrator\AppData\Local\Programs\Python\Python35\;D:\cmder\Cmder.exe;C:\Users\Administrator\AppData\Local\Microsoft\WindowsApps;D:\Microsoft VS Code\bin;D:\Program Files (x86)\java\jdk\bin;D:\Android\sdk\platform-tools;D:\Android\sdk\tools;C:\Users\Administrator\AppData\Roaming\npm;D:\Git\usr\bin;D:\Git\usr\share\vim\vim74;D:\cmder\
10 verbose lifecycle lab-project@0.0.0~start: CWD: F:\github\lab-project
11 silly lifecycle lab-project@0.0.0~start: Args: [ '/d /s /c', 'node ./bin/www' ]
12 silly lifecycle lab-project@0.0.0~start: Returned: code: 1  signal: null
13 info lifecycle lab-project@0.0.0~start: Failed to exec start script
14 verbose stack Error: lab-project@0.0.0 start: `node ./bin/www`
14 verbose stack Exit status 1
14 verbose stack     at EventEmitter.<anonymous> (D:\node_modules\npm\lib\utils\lifecycle.js:255:16)
14 verbose stack     at emitTwo (events.js:106:13)
14 verbose stack     at EventEmitter.emit (events.js:191:7)
14 verbose stack     at ChildProcess.<anonymous> (D:\node_modules\npm\lib\utils\spawn.js:40:14)
14 verbose stack     at emitTwo (events.js:106:13)
14 verbose stack     at ChildProcess.emit (events.js:191:7)
14 verbose stack     at maybeClose (internal/child_process.js:877:16)
14 verbose stack     at Process.ChildProcess._handle.onexit (internal/child_process.js:226:5)
15 verbose pkgid lab-project@0.0.0
16 verbose cwd F:\github\lab-project
17 error Windows_NT 10.0.14393
18 error argv "D:\\node.exe" "D:\\node_modules\\npm\\bin\\npm-cli.js" "start"
19 error node v6.9.1
20 error npm  v3.10.8
21 error code ELIFECYCLE
22 error lab-project@0.0.0 start: `node ./bin/www`
22 error Exit status 1
23 error Failed at the lab-project@0.0.0 start script 'node ./bin/www'.
23 error Make sure you have the latest version of node.js and npm installed.
23 error If you do, this is most likely a problem with the lab-project package,
23 error not with npm itself.
23 error Tell the author that this fails on your system:
23 error     node ./bin/www
23 error You can get information on how to open an issue for this project with:
23 error     npm bugs lab-project
23 error Or if that isn't available, you can get their info via:
23 error     npm owner ls lab-project
23 error There is likely additional logging output above.
24 verbose exit [ 1, true ]
